<?xml version="1.0" encoding="UTF-8"?>
<!-- Generated by org.testng.reporters.JUnitReportReporter -->
<testsuite hostname="DESKTOP-25T994L" failures="0" tests="1" name="testNg_UploadFile.Uploadfile" time="7.361" errors="0" timestamp="2024-07-03T11:27:09 IST" skipped="0">
  <testcase classname="testNg_UploadFile.Uploadfile" name="attachfile" time="7.361"/>
  <system-out/>
</testsuite> <!-- testNg_UploadFile.Uploadfile -->
