<?xml version="1.0" encoding="UTF-8"?>
<!-- Generated by org.testng.reporters.JUnitReportReporter -->
<testsuite hostname="DESKTOP-25T994L" failures="0" tests="1" name="screenshot.TimeFormatScreenshot" time="14.941" errors="0" timestamp="2024-07-10T12:15:11 IST" skipped="0">
  <testcase classname="screenshot.TimeFormatScreenshot" name="googleSearch" time="14.941"/>
  <system-out/>
</testsuite> <!-- screenshot.TimeFormatScreenshot -->
