<?xml version="1.0" encoding="UTF-8"?>
<!-- Generated by org.testng.reporters.JUnitReportReporter -->
<testsuite hostname="DESKTOP-25T994L" failures="0" tests="1" name="testNG_Tcs_10_select_dropdown.SelectDropdown" time="7.273" errors="0" timestamp="2024-07-03T12:51:26 IST" skipped="0">
  <testcase classname="testNG_Tcs_10_select_dropdown.SelectDropdown" name="dropdown" time="7.273"/>
  <system-out/>
</testsuite> <!-- testNG_Tcs_10_select_dropdown.SelectDropdown -->
