<?xml version="1.0" encoding="UTF-8"?>
<!-- Generated by org.testng.reporters.JUnitReportReporter -->
<testsuite hostname="DESKTOP-25T994L" failures="0" tests="1" name="testng_1_Tcs_Execution_order.TestNg_1_Tcs_Execution_order" time="7.264" errors="0" timestamp="2024-07-10T12:47:17 IST" skipped="0">
  <testcase classname="testng_1_Tcs_Execution_order.TestNg_1_Tcs_Execution_order" name="youtube" time="7.264"/>
  <system-out/>
</testsuite> <!-- testng_1_Tcs_Execution_order.TestNg_1_Tcs_Execution_order -->
