<?xml version="1.0" encoding="UTF-8"?>
<!-- Generated by org.testng.reporters.JUnitReportReporter -->
<testsuite hostname="DESKTOP-25T994L" failures="0" tests="2" name="testNg_8_Tcs_TestCases_From_Xml.TestNG_8_Run_TestCases_from_Xml_file" time="7.290" errors="0" timestamp="2024-07-03T11:37:58 IST" skipped="0">
  <testcase classname="testNg_8_Tcs_TestCases_From_Xml.TestNG_8_Run_TestCases_from_Xml_file" name="twitter" time="6.245"/>
  <system-out/>
  <testcase classname="testNg_8_Tcs_TestCases_From_Xml.TestNG_8_Run_TestCases_from_Xml_file" name="selenium" time="1.045"/>
  <system-out/>
</testsuite> <!-- testNg_8_Tcs_TestCases_From_Xml.TestNG_8_Run_TestCases_from_Xml_file -->
