<?xml version="1.0" encoding="UTF-8"?>
<!-- Generated by org.testng.reporters.JUnitReportReporter -->
<testsuite hostname="DESKTOP-25T994L" failures="0" tests="1" name="alertWindowHandles.AlertWindowHandles" time="13.182" errors="0" timestamp="2024-07-08T19:20:51 IST" skipped="0">
  <testcase classname="alertWindowHandles.AlertWindowHandles" name="sendtextokcancelbutton" time="13.182"/>
  <system-out/>
</testsuite> <!-- alertWindowHandles.AlertWindowHandles -->
