<?xml version="1.0" encoding="UTF-8"?>
<!-- Generated by org.testng.reporters.JUnitReportReporter -->
<testsuite hostname="DESKTOP-25T994L" failures="0" tests="6" name="new1.NewTest2" time="31.474" errors="0" timestamp="2024-06-19T18:49:46 IST" skipped="2">
  <testcase classname="new1.NewTest2" name="facebook" time="9.107"/>
  <system-out/>
  <testcase classname="new1.NewTest2" name="google" time="5.616"/>
  <system-out/>
  <testcase classname="new1.NewTest2" name="twitter" time="9.849"/>
  <system-out/>
  <testcase classname="new1.NewTest2" name="flipkart" time="6.902"/>
  <system-out/>
  <testcase classname="new1.NewTest2" name="gmail">
    <skipped/>
  </testcase> <!-- gmail -->
  <system-out/>
  <testcase classname="new1.NewTest2" name="youtube">
    <skipped/>
  </testcase> <!-- youtube -->
  <system-out/>
</testsuite> <!-- new1.NewTest2 -->
