<?xml version="1.0" encoding="UTF-8"?>
<!-- Generated by org.testng.reporters.JUnitReportReporter -->
<testsuite hostname="DESKTOP-25T994L" failures="0" tests="6" name="new1.NewTest" time="43.088" errors="0" timestamp="2024-06-19T18:51:45 IST" skipped="0">
  <testcase classname="new1.NewTest" name="facebook" time="5.523"/>
  <system-out/>
  <testcase classname="new1.NewTest" name="google" time="6.531"/>
  <system-out/>
  <testcase classname="new1.NewTest" name="flipkart" time="6.056"/>
  <system-out/>
  <testcase classname="new1.NewTest" name="gmail" time="7.313"/>
  <system-out/>
  <testcase classname="new1.NewTest" name="youtube" time="7.925"/>
  <system-out/>
  <testcase classname="new1.NewTest" name="twitter" time="9.740"/>
  <system-out/>
</testsuite> <!-- new1.NewTest -->
