<?xml version="1.0" encoding="UTF-8"?>
<!-- Generated by org.testng.reporters.JUnitReportReporter -->
<testsuite hostname="DESKTOP-25T994L" failures="0" tests="2" name="testng.TestNG_8_Run_TestCases_from_Xml_file" time="9.570" errors="0" timestamp="2024-06-29T09:06:55 IST" skipped="0">
  <testcase classname="testng.TestNG_8_Run_TestCases_from_Xml_file" name="twitter" time="4.934"/>
  <system-out/>
  <testcase classname="testng.TestNG_8_Run_TestCases_from_Xml_file" name="selenium" time="4.636"/>
  <system-out/>
</testsuite> <!-- testng.TestNG_8_Run_TestCases_from_Xml_file -->
