<?xml version="1.0" encoding="UTF-8"?>
<!-- Generated by org.testng.reporters.JUnitReportReporter -->
<testsuite hostname="DESKTOP-25T994L" failures="0" tests="6" name="testng.TestNg_2_Tcs_Execution_priority_order" time="47.017" errors="0" timestamp="2024-06-25T17:05:48 IST" skipped="0">
  <testcase classname="testng.TestNg_2_Tcs_Execution_priority_order" name="youtube" time="6.712"/>
  <system-out/>
  <testcase classname="testng.TestNg_2_Tcs_Execution_priority_order" name="facebook" time="5.725"/>
  <system-out/>
  <testcase classname="testng.TestNg_2_Tcs_Execution_priority_order" name="google" time="12.243"/>
  <system-out/>
  <testcase classname="testng.TestNg_2_Tcs_Execution_priority_order" name="twitter" time="8.478"/>
  <system-out/>
  <testcase classname="testng.TestNg_2_Tcs_Execution_priority_order" name="gmail" time="6.781"/>
  <system-out/>
  <testcase classname="testng.TestNg_2_Tcs_Execution_priority_order" name="flipkart" time="7.078"/>
  <system-out/>
</testsuite> <!-- testng.TestNg_2_Tcs_Execution_priority_order -->
