<?xml version="1.0" encoding="UTF-8"?>
<!-- Generated by org.testng.reporters.JUnitReportReporter -->
<testsuite hostname="DESKTOP-25T994L" failures="0" tests="2" name="testng.TestNg_4_DependsOnMethods" time="3.199" errors="0" timestamp="2024-06-27T19:20:28 IST" skipped="0">
  <testcase classname="testng.TestNg_4_DependsOnMethods" name="Method2" time="1.375"/>
  <system-out/>
  <testcase classname="testng.TestNg_4_DependsOnMethods" name="Method1" time="1.824"/>
  <system-out/>
</testsuite> <!-- testng.TestNg_4_DependsOnMethods -->
