<?xml version="1.0" encoding="UTF-8"?>
<!-- Generated by org.testng.reporters.JUnitReportReporter -->
<testsuite hostname="DESKTOP-25T994L" failures="0" tests="2" name="testNG_9_Tcs_Groups.TestNG_9_Tcs_Groups" time="4.750" errors="0" timestamp="2024-07-03T12:21:42 IST" skipped="0">
  <testcase classname="testNG_9_Tcs_Groups.TestNG_9_Tcs_Groups" name="swiggy" time="1.737"/>
  <system-out/>
  <testcase classname="testNG_9_Tcs_Groups.TestNG_9_Tcs_Groups" name="zomato" time="3.013"/>
  <system-out/>
</testsuite> <!-- testNG_9_Tcs_Groups.TestNG_9_Tcs_Groups -->
