<?xml version="1.0" encoding="UTF-8"?>
<!-- Generated by org.testng.reporters.JUnitReportReporter -->
<testsuite hostname="DESKTOP-25T994L" failures="0" tests="1" name="sikulinew.Sikuli" time="1.550" errors="0" timestamp="2024-07-10T12:58:00 IST" skipped="0">
  <testcase classname="sikulinew.Sikuli" name="sikuli" time="1.550"/>
  <system-out/>
</testsuite> <!-- sikulinew.Sikuli -->
