<?xml version="1.0" encoding="UTF-8"?>
<!-- Generated by org.testng.reporters.JUnitReportReporter -->
<testsuite hostname="DESKTOP-25T994L" failures="0" tests="3" name="testng.TestNG_7_InvocationCount" time="10.413" errors="0" timestamp="2024-06-27T21:13:06 IST" skipped="0">
  <testcase classname="testng.TestNG_7_InvocationCount" name="Method2" time="3.903"/>
  <system-out/>
  <testcase classname="testng.TestNG_7_InvocationCount" name="Method2" time="2.496"/>
  <system-out/>
  <testcase classname="testng.TestNG_7_InvocationCount" name="Method1" time="4.014"/>
  <system-out/>
</testsuite> <!-- testng.TestNG_7_InvocationCount -->
