<?xml version="1.0" encoding="UTF-8"?>
<!-- Generated by org.testng.reporters.JUnitReportReporter -->
<testsuite hostname="DESKTOP-25T994L" failures="0" tests="2" name="testng.TestNG_6_TimeOutFeature" time="9.474" errors="0" timestamp="2024-06-27T21:04:04 IST" skipped="0">
  <testcase classname="testng.TestNG_6_TimeOutFeature" name="Method2" time="2.696"/>
  <system-out/>
  <testcase classname="testng.TestNG_6_TimeOutFeature" name="Method1" time="6.778"/>
  <system-out/>
</testsuite> <!-- testng.TestNG_6_TimeOutFeature -->
